0 info it worked if it ends with ok
1 verbose cli [ '/usr/local/Cellar/node/7.1.0/bin/node',
1 verbose cli   '/usr/local/bin/npm',
1 verbose cli   'install' ]
2 info using npm@4.0.2
3 info using node@v7.1.0
4 silly loadCurrentTree Starting
5 silly install loadCurrentTree
6 silly install readLocalPackageData
7 silly install normalizeTree
8 silly loadCurrentTree Finishing
9 silly loadIdealTree Starting
10 silly install loadIdealTree
11 silly cloneCurrentTree Starting
12 silly install cloneCurrentTreeToIdealTree
13 silly cloneCurrentTree Finishing
14 silly loadShrinkwrap Starting
15 silly install loadShrinkwrap
16 silly loadShrinkwrap Finishing
17 silly loadAllDepsIntoIdealTree Starting
18 silly install loadAllDepsIntoIdealTree
19 silly loadAllDepsIntoIdealTree Finishing
20 silly loadIdealTree Finishing
21 silly currentTree arabtravel@0.0.5
21 silly currentTree ├── @angular/common@2.2.3
21 silly currentTree ├── @angular/compiler@2.2.3
21 silly currentTree ├── @angular/core@2.2.3
21 silly currentTree ├── @angular/forms@2.2.3
21 silly currentTree ├── @angular/http@2.2.3
21 silly currentTree ├── @angular/platform-browser-dynamic@2.2.3
21 silly currentTree ├── @angular/platform-browser@2.2.3
21 silly currentTree ├── @angular/router@3.2.3
21 silly currentTree ├── @angular/upgrade@2.2.3
21 silly currentTree ├── abbrev@1.0.9
21 silly currentTree ├── agent-base@2.0.1
21 silly currentTree ├── ansi-align@1.1.0
21 silly currentTree ├── ansi-escapes@1.4.0
21 silly currentTree ├── ansi-regex@2.0.0
21 silly currentTree ├── ansi-styles@2.2.1
21 silly currentTree ├── any-promise@1.3.0
21 silly currentTree ├── archy@1.0.0
21 silly currentTree ├── array-uniq@1.0.3
21 silly currentTree ├── arrify@1.0.1
21 silly currentTree ├── asynckit@0.4.0
21 silly currentTree ├── balanced-match@0.4.2
21 silly currentTree ├── bindings@1.2.1
21 silly currentTree ├── bluebird@3.4.6
21 silly currentTree ├── blueimp-canvas-to-blob@3.5.0
21 silly currentTree ├── bootstrap-datetimepicker@0.0.7
21 silly currentTree ├── bootstrap-select@1.12.1
21 silly currentTree ├── bootstrap-touchspin@3.1.1
21 silly currentTree ├── bootstrap@3.3.7
21 silly currentTree ├── boxen@0.6.0
21 silly currentTree ├── brace-expansion@1.1.6
21 silly currentTree ├── buffer-shims@1.0.0
21 silly currentTree ├── camelcase@2.1.1
21 silly currentTree ├── capture-stack-trace@1.0.0
21 silly currentTree ├── chalk@1.1.3
21 silly currentTree ├── cli-boxes@1.0.0
21 silly currentTree ├── cli-cursor@1.0.2
21 silly currentTree ├── cli-truncate@0.2.1
21 silly currentTree ├── clone@1.0.2
21 silly currentTree ├── code-point-at@1.1.0
21 silly currentTree ├── columnify@1.5.4
21 silly currentTree ├── combined-stream@1.0.5
21 silly currentTree ├── concat-map@0.0.1
21 silly currentTree ├─┬ concat-stream@1.5.2
21 silly currentTree │ ├── isarray@1.0.0
21 silly currentTree │ └── readable-stream@2.0.6
21 silly currentTree ├── configstore@2.1.0
21 silly currentTree ├── core-js@2.4.1
21 silly currentTree ├── core-util-is@1.0.2
21 silly currentTree ├── create-error-class@3.0.2
21 silly currentTree ├── debug@2.3.3
21 silly currentTree ├── deep-extend@0.4.1
21 silly currentTree ├── defaults@1.0.3
21 silly currentTree ├── delayed-stream@1.0.0
21 silly currentTree ├── detect-indent@5.0.0
21 silly currentTree ├── dot-prop@3.0.0
21 silly currentTree ├── dot@1.1.1
21 silly currentTree ├─┬ duplexer2@0.1.4
21 silly currentTree │ ├── isarray@1.0.0
21 silly currentTree │ └── readable-stream@2.2.2
21 silly currentTree ├── elegant-spinner@1.0.1
21 silly currentTree ├── error-ex@1.3.0
21 silly currentTree ├── escape-string-regexp@1.0.5
21 silly currentTree ├── exit-hook@1.1.1
21 silly currentTree ├── extend@3.0.0
21 silly currentTree ├── filled-array@1.1.0
21 silly currentTree ├── font-awesome@4.7.0
21 silly currentTree ├── form-data@2.1.2
21 silly currentTree ├── froala-editor@2.3.5
21 silly currentTree ├── fs.realpath@1.0.0
21 silly currentTree ├── function-bind@1.1.0
21 silly currentTree ├── glob@7.1.1
21 silly currentTree ├── glur@1.1.2
21 silly currentTree ├─┬ got@5.7.1
21 silly currentTree │ ├── isarray@1.0.0
21 silly currentTree │ └── readable-stream@2.2.2
21 silly currentTree ├── graceful-fs@4.1.11
21 silly currentTree ├── has-ansi@2.0.0
21 silly currentTree ├── has-unicode@2.0.1
21 silly currentTree ├── has@1.0.1
21 silly currentTree ├── http-proxy-agent@1.0.0
21 silly currentTree ├── https-proxy-agent@1.0.0
21 silly currentTree ├── imurmurhash@0.1.4
21 silly currentTree ├── inflight@1.0.6
21 silly currentTree ├── inherits@2.0.3
21 silly currentTree ├── ini@1.3.4
21 silly currentTree ├── invariant@2.2.2
21 silly currentTree ├── is-absolute@0.2.6
21 silly currentTree ├── is-arrayish@0.2.1
21 silly currentTree ├── is-finite@1.0.2
21 silly currentTree ├── is-fullwidth-code-point@1.0.0
21 silly currentTree ├── is-npm@1.0.0
21 silly currentTree ├── is-obj@1.0.1
21 silly currentTree ├── is-plain-obj@1.1.0
21 silly currentTree ├── is-redirect@1.0.0
21 silly currentTree ├── is-relative@0.2.1
21 silly currentTree ├── is-retry-allowed@1.1.0
21 silly currentTree ├── is-stream@1.1.0
21 silly currentTree ├── is-unc-path@0.1.1
21 silly currentTree ├── is-utf8@0.2.1
21 silly currentTree ├── is-windows@0.2.0
21 silly currentTree ├── isarray@0.0.1
21 silly currentTree ├─┬ isobject@2.1.0
21 silly currentTree │ └── isarray@1.0.0
21 silly currentTree ├── jquery@2.2.4
21 silly currentTree ├── js-tokens@2.0.0
21 silly currentTree ├─┬ jspm-config@0.3.2
21 silly currentTree │ └── strip-bom@2.0.0
21 silly currentTree ├── latest-version@2.0.0
21 silly currentTree ├── lazy-req@1.1.0
21 silly currentTree ├── libpq@1.8.5
21 silly currentTree ├── listify@1.0.0
21 silly currentTree ├── lockfile@1.0.2
21 silly currentTree ├── log-update@1.0.2
21 silly currentTree ├── loose-envify@1.3.0
21 silly currentTree ├── lowercase-keys@1.0.0
21 silly currentTree ├── make-error-cause@1.2.2
21 silly currentTree ├── make-error@1.2.1
21 silly currentTree ├── mime-db@1.25.0
21 silly currentTree ├── mime-types@2.1.13
21 silly currentTree ├── minimatch@3.0.3
21 silly currentTree ├── minimist@1.2.0
21 silly currentTree ├─┬ mkdirp@0.5.1
21 silly currentTree │ └── minimist@0.0.8
21 silly currentTree ├── moment@2.17.0
21 silly currentTree ├── ms@0.7.2
21 silly currentTree ├── nan@2.4.0
21 silly currentTree ├── node-promise@0.5.12
21 silly currentTree ├── node-status-codes@1.0.0
21 silly currentTree ├── nopt@1.0.10
21 silly currentTree ├── number-is-nan@1.0.1
21 silly currentTree ├── object-assign@4.1.0
21 silly currentTree ├── object.pick@1.2.0
21 silly currentTree ├── once@1.4.0
21 silly currentTree ├── onetime@1.1.0
21 silly currentTree ├── os-homedir@1.0.2
21 silly currentTree ├── os-tmpdir@1.0.2
21 silly currentTree ├── osenv@0.1.3
21 silly currentTree ├── owl.carousel@2.2.0
21 silly currentTree ├─┬ package-json@2.4.0
21 silly currentTree │ └── semver@5.3.0
21 silly currentTree ├── parse-json@2.2.0
21 silly currentTree ├── path-is-absolute@1.0.1
21 silly currentTree ├── pg-native@1.10.0
21 silly currentTree ├── pg-types@1.6.0
21 silly currentTree ├── pica@2.0.8
21 silly currentTree ├── pinkie-promise@2.0.1
21 silly currentTree ├── pinkie@2.0.4
21 silly currentTree ├── popsicle-proxy-agent@3.0.0
21 silly currentTree ├── popsicle-retry@3.2.1
21 silly currentTree ├── popsicle-rewrite@1.0.0
21 silly currentTree ├── popsicle-status@2.0.0
21 silly currentTree ├── popsicle@8.2.0
21 silly currentTree ├── prepend-http@1.0.4
21 silly currentTree ├── process-nextick-args@1.0.7
21 silly currentTree ├── promise-finally@2.2.1
21 silly currentTree ├── punycode@1.4.1
21 silly currentTree ├── rc@1.1.6
21 silly currentTree ├─┬ read-all-stream@3.1.0
21 silly currentTree │ ├── isarray@1.0.0
21 silly currentTree │ └── readable-stream@2.2.2
21 silly currentTree ├── readable-stream@1.0.31
21 silly currentTree ├── reflect-metadata@0.1.8
21 silly currentTree ├── registry-auth-token@3.1.0
21 silly currentTree ├── registry-url@3.1.0
21 silly currentTree ├── repeating@2.0.1
21 silly currentTree ├── restore-cursor@1.0.1
21 silly currentTree ├── rimraf@2.5.4
21 silly currentTree ├── rxjs@5.0.0-beta.12
21 silly currentTree ├── semver-diff@2.1.0
21 silly currentTree ├── semver@5.0.3
21 silly currentTree ├── slice-ansi@0.0.4
21 silly currentTree ├── slide@1.1.6
21 silly currentTree ├── sort-keys@1.1.2
21 silly currentTree ├── string_decoder@0.10.31
21 silly currentTree ├── string-template@1.0.0
21 silly currentTree ├── string-width@1.0.2
21 silly currentTree ├── strip-ansi@3.0.1
21 silly currentTree ├── strip-bom@3.0.0
21 silly currentTree ├── strip-json-comments@1.0.4
21 silly currentTree ├── supports-color@2.0.0
21 silly currentTree ├── symbol-observable@1.0.4
21 silly currentTree ├── systemjs@0.19.39
21 silly currentTree ├── thenify@3.2.1
21 silly currentTree ├── throat@3.0.0
21 silly currentTree ├── throwback@1.1.1
21 silly currentTree ├── timed-out@3.0.0
21 silly currentTree ├── touch@1.0.0
21 silly currentTree ├── tough-cookie@2.3.2
21 silly currentTree ├── typedarray@0.0.6
21 silly currentTree ├── typescript@2.1.1
21 silly currentTree ├── typings-core@2.0.0
21 silly currentTree ├── typings@2.0.0
21 silly currentTree ├── uikit@2.27.2
21 silly currentTree ├── unc-path-regex@0.1.2
21 silly currentTree ├── unzip-response@1.0.2
21 silly currentTree ├── update-notifier@1.0.2
21 silly currentTree ├── url-parse-lax@1.0.0
21 silly currentTree ├── util-deprecate@1.0.2
21 silly currentTree ├── uuid@2.0.3
21 silly currentTree ├── wcwidth@1.0.1
21 silly currentTree ├── webworkify@1.4.0
21 silly currentTree ├── when@3.7.7
21 silly currentTree ├── widest-line@1.0.0
21 silly currentTree ├── wordwrap@1.0.0
21 silly currentTree ├── wrappy@1.0.2
21 silly currentTree ├── write-file-atomic@1.2.0
21 silly currentTree ├── xdg-basedir@2.0.0
21 silly currentTree ├── xtend@4.0.1
21 silly currentTree ├── zip-object@0.1.0
21 silly currentTree └── zone.js@0.6.26
22 silly idealTree arabtravel@0.0.5
22 silly idealTree ├── @angular/common@2.2.3
22 silly idealTree ├── @angular/compiler@2.2.3
22 silly idealTree ├── @angular/core@2.2.3
22 silly idealTree ├── @angular/forms@2.2.3
22 silly idealTree ├── @angular/http@2.2.3
22 silly idealTree ├── @angular/platform-browser-dynamic@2.2.3
22 silly idealTree ├── @angular/platform-browser@2.2.3
22 silly idealTree ├── @angular/router@3.2.3
22 silly idealTree ├── @angular/upgrade@2.2.3
22 silly idealTree ├── abbrev@1.0.9
22 silly idealTree ├── agent-base@2.0.1
22 silly idealTree ├── ansi-align@1.1.0
22 silly idealTree ├── ansi-escapes@1.4.0
22 silly idealTree ├── ansi-regex@2.0.0
22 silly idealTree ├── ansi-styles@2.2.1
22 silly idealTree ├── any-promise@1.3.0
22 silly idealTree ├── archy@1.0.0
22 silly idealTree ├── array-uniq@1.0.3
22 silly idealTree ├── arrify@1.0.1
22 silly idealTree ├── asynckit@0.4.0
22 silly idealTree ├── balanced-match@0.4.2
22 silly idealTree ├── bindings@1.2.1
22 silly idealTree ├── bluebird@3.4.6
22 silly idealTree ├── blueimp-canvas-to-blob@3.5.0
22 silly idealTree ├── bootstrap-datetimepicker@0.0.7
22 silly idealTree ├── bootstrap-select@1.12.1
22 silly idealTree ├── bootstrap-touchspin@3.1.1
22 silly idealTree ├── bootstrap@3.3.7
22 silly idealTree ├── boxen@0.6.0
22 silly idealTree ├── brace-expansion@1.1.6
22 silly idealTree ├── buffer-shims@1.0.0
22 silly idealTree ├── camelcase@2.1.1
22 silly idealTree ├── capture-stack-trace@1.0.0
22 silly idealTree ├── chalk@1.1.3
22 silly idealTree ├── cli-boxes@1.0.0
22 silly idealTree ├── cli-cursor@1.0.2
22 silly idealTree ├── cli-truncate@0.2.1
22 silly idealTree ├── clone@1.0.2
22 silly idealTree ├── code-point-at@1.1.0
22 silly idealTree ├── columnify@1.5.4
22 silly idealTree ├── combined-stream@1.0.5
22 silly idealTree ├── concat-map@0.0.1
22 silly idealTree ├─┬ concat-stream@1.5.2
22 silly idealTree │ ├── isarray@1.0.0
22 silly idealTree │ └── readable-stream@2.0.6
22 silly idealTree ├── configstore@2.1.0
22 silly idealTree ├── core-js@2.4.1
22 silly idealTree ├── core-util-is@1.0.2
22 silly idealTree ├── create-error-class@3.0.2
22 silly idealTree ├── debug@2.3.3
22 silly idealTree ├── deep-extend@0.4.1
22 silly idealTree ├── defaults@1.0.3
22 silly idealTree ├── delayed-stream@1.0.0
22 silly idealTree ├── detect-indent@5.0.0
22 silly idealTree ├── dot-prop@3.0.0
22 silly idealTree ├── dot@1.1.1
22 silly idealTree ├─┬ duplexer2@0.1.4
22 silly idealTree │ ├── isarray@1.0.0
22 silly idealTree │ └── readable-stream@2.2.2
22 silly idealTree ├── elegant-spinner@1.0.1
22 silly idealTree ├── error-ex@1.3.0
22 silly idealTree ├── escape-string-regexp@1.0.5
22 silly idealTree ├── exit-hook@1.1.1
22 silly idealTree ├── extend@3.0.0
22 silly idealTree ├── filled-array@1.1.0
22 silly idealTree ├── font-awesome@4.7.0
22 silly idealTree ├── form-data@2.1.2
22 silly idealTree ├── froala-editor@2.3.5
22 silly idealTree ├── fs.realpath@1.0.0
22 silly idealTree ├── function-bind@1.1.0
22 silly idealTree ├── glob@7.1.1
22 silly idealTree ├── glur@1.1.2
22 silly idealTree ├─┬ got@5.7.1
22 silly idealTree │ ├── isarray@1.0.0
22 silly idealTree │ └── readable-stream@2.2.2
22 silly idealTree ├── graceful-fs@4.1.11
22 silly idealTree ├── has-ansi@2.0.0
22 silly idealTree ├── has-unicode@2.0.1
22 silly idealTree ├── has@1.0.1
22 silly idealTree ├── http-proxy-agent@1.0.0
22 silly idealTree ├── https-proxy-agent@1.0.0
22 silly idealTree ├── imurmurhash@0.1.4
22 silly idealTree ├── inflight@1.0.6
22 silly idealTree ├── inherits@2.0.3
22 silly idealTree ├── ini@1.3.4
22 silly idealTree ├── invariant@2.2.2
22 silly idealTree ├── is-absolute@0.2.6
22 silly idealTree ├── is-arrayish@0.2.1
22 silly idealTree ├── is-finite@1.0.2
22 silly idealTree ├── is-fullwidth-code-point@1.0.0
22 silly idealTree ├── is-npm@1.0.0
22 silly idealTree ├── is-obj@1.0.1
22 silly idealTree ├── is-plain-obj@1.1.0
22 silly idealTree ├── is-redirect@1.0.0
22 silly idealTree ├── is-relative@0.2.1
22 silly idealTree ├── is-retry-allowed@1.1.0
22 silly idealTree ├── is-stream@1.1.0
22 silly idealTree ├── is-unc-path@0.1.1
22 silly idealTree ├── is-utf8@0.2.1
22 silly idealTree ├── is-windows@0.2.0
22 silly idealTree ├── isarray@0.0.1
22 silly idealTree ├─┬ isobject@2.1.0
22 silly idealTree │ └── isarray@1.0.0
22 silly idealTree ├── jquery@2.2.4
22 silly idealTree ├── js-tokens@2.0.0
22 silly idealTree ├─┬ jspm-config@0.3.2
22 silly idealTree │ └── strip-bom@2.0.0
22 silly idealTree ├── latest-version@2.0.0
22 silly idealTree ├── lazy-req@1.1.0
22 silly idealTree ├── libpq@1.8.5
22 silly idealTree ├── listify@1.0.0
22 silly idealTree ├── lockfile@1.0.2
22 silly idealTree ├── log-update@1.0.2
22 silly idealTree ├── loose-envify@1.3.0
22 silly idealTree ├── lowercase-keys@1.0.0
22 silly idealTree ├── make-error-cause@1.2.2
22 silly idealTree ├── make-error@1.2.1
22 silly idealTree ├── mime-db@1.25.0
22 silly idealTree ├── mime-types@2.1.13
22 silly idealTree ├── minimatch@3.0.3
22 silly idealTree ├── minimist@1.2.0
22 silly idealTree ├─┬ mkdirp@0.5.1
22 silly idealTree │ └── minimist@0.0.8
22 silly idealTree ├── moment@2.17.0
22 silly idealTree ├── ms@0.7.2
22 silly idealTree ├── nan@2.4.0
22 silly idealTree ├── node-promise@0.5.12
22 silly idealTree ├── node-status-codes@1.0.0
22 silly idealTree ├── nopt@1.0.10
22 silly idealTree ├── number-is-nan@1.0.1
22 silly idealTree ├── object-assign@4.1.0
22 silly idealTree ├── object.pick@1.2.0
22 silly idealTree ├── once@1.4.0
22 silly idealTree ├── onetime@1.1.0
22 silly idealTree ├── os-homedir@1.0.2
22 silly idealTree ├── os-tmpdir@1.0.2
22 silly idealTree ├── osenv@0.1.3
22 silly idealTree ├── owl.carousel@2.2.0
22 silly idealTree ├─┬ package-json@2.4.0
22 silly idealTree │ └── semver@5.3.0
22 silly idealTree ├── parse-json@2.2.0
22 silly idealTree ├── path-is-absolute@1.0.1
22 silly idealTree ├── pg-native@1.10.0
22 silly idealTree ├── pg-types@1.6.0
22 silly idealTree ├── pica@2.0.8
22 silly idealTree ├── pinkie-promise@2.0.1
22 silly idealTree ├── pinkie@2.0.4
22 silly idealTree ├── popsicle-proxy-agent@3.0.0
22 silly idealTree ├── popsicle-retry@3.2.1
22 silly idealTree ├── popsicle-rewrite@1.0.0
22 silly idealTree ├── popsicle-status@2.0.0
22 silly idealTree ├── popsicle@8.2.0
22 silly idealTree ├── prepend-http@1.0.4
22 silly idealTree ├── process-nextick-args@1.0.7
22 silly idealTree ├── promise-finally@2.2.1
22 silly idealTree ├── punycode@1.4.1
22 silly idealTree ├── rc@1.1.6
22 silly idealTree ├─┬ read-all-stream@3.1.0
22 silly idealTree │ ├── isarray@1.0.0
22 silly idealTree │ └── readable-stream@2.2.2
22 silly idealTree ├── readable-stream@1.0.31
22 silly idealTree ├── reflect-metadata@0.1.8
22 silly idealTree ├── registry-auth-token@3.1.0
22 silly idealTree ├── registry-url@3.1.0
22 silly idealTree ├── repeating@2.0.1
22 silly idealTree ├── restore-cursor@1.0.1
22 silly idealTree ├── rimraf@2.5.4
22 silly idealTree ├── rxjs@5.0.0-beta.12
22 silly idealTree ├── semver-diff@2.1.0
22 silly idealTree ├── semver@5.0.3
22 silly idealTree ├── slice-ansi@0.0.4
22 silly idealTree ├── slide@1.1.6
22 silly idealTree ├── sort-keys@1.1.2
22 silly idealTree ├── string_decoder@0.10.31
22 silly idealTree ├── string-template@1.0.0
22 silly idealTree ├── string-width@1.0.2
22 silly idealTree ├── strip-ansi@3.0.1
22 silly idealTree ├── strip-bom@3.0.0
22 silly idealTree ├── strip-json-comments@1.0.4
22 silly idealTree ├── supports-color@2.0.0
22 silly idealTree ├── symbol-observable@1.0.4
22 silly idealTree ├── systemjs@0.19.39
22 silly idealTree ├── thenify@3.2.1
22 silly idealTree ├── throat@3.0.0
22 silly idealTree ├── throwback@1.1.1
22 silly idealTree ├── timed-out@3.0.0
22 silly idealTree ├── touch@1.0.0
22 silly idealTree ├── tough-cookie@2.3.2
22 silly idealTree ├── typedarray@0.0.6
22 silly idealTree ├── typescript@2.1.1
22 silly idealTree ├── typings-core@2.0.0
22 silly idealTree ├── typings@2.0.0
22 silly idealTree ├── uikit@2.27.2
22 silly idealTree ├── unc-path-regex@0.1.2
22 silly idealTree ├── unzip-response@1.0.2
22 silly idealTree ├── update-notifier@1.0.2
22 silly idealTree ├── url-parse-lax@1.0.0
22 silly idealTree ├── util-deprecate@1.0.2
22 silly idealTree ├── uuid@2.0.3
22 silly idealTree ├── wcwidth@1.0.1
22 silly idealTree ├── webworkify@1.4.0
22 silly idealTree ├── when@3.7.7
22 silly idealTree ├── widest-line@1.0.0
22 silly idealTree ├── wordwrap@1.0.0
22 silly idealTree ├── wrappy@1.0.2
22 silly idealTree ├── write-file-atomic@1.2.0
22 silly idealTree ├── xdg-basedir@2.0.0
22 silly idealTree ├── xtend@4.0.1
22 silly idealTree ├── zip-object@0.1.0
22 silly idealTree └── zone.js@0.6.26
23 silly generateActionsToTake Starting
24 silly install generateActionsToTake
25 silly generateActionsToTake Finishing
26 silly diffTrees action count 0
27 silly decomposeActions action count 0
28 silly runTopLevelLifecycles Starting
29 silly install runPreinstallTopLevelLifecycles
30 silly preinstall arabtravel@0.0.5 /Users/wisdman/Google Drive/sources/arabtravel/arabtravel-234c2a7d
31 info lifecycle arabtravel@0.0.5~preinstall: arabtravel@0.0.5
32 silly lifecycle arabtravel@0.0.5~preinstall: no script for preinstall, continuing
33 silly executeActions Starting
34 silly install executeActions
35 silly doSerial global-install 0
36 silly doParallel fetch 0
37 verbose correctMkdir /Users/wisdman/.npm/_locks correctMkdir not in flight; initializing
38 verbose lock using /Users/wisdman/.npm/_locks/staging-a5a1c1ef84a02be6.lock for /Users/wisdman/Google Drive/sources/arabtravel/node_modules/.staging
39 silly doParallel extract 0
40 silly doParallel preinstall 0
41 silly doReverseSerial remove 0
42 silly doSerial move 0
43 silly doSerial finalize 0
44 silly doSerial build 0
45 silly doSerial global-link 0
46 silly doParallel update-linked 0
47 silly doSerial install 0
48 silly doSerial postinstall 0
49 verbose unlock done using /Users/wisdman/.npm/_locks/staging-a5a1c1ef84a02be6.lock for /Users/wisdman/Google Drive/sources/arabtravel/node_modules/.staging
50 silly executeActions Finishing
51 silly rollbackFailedOptional Starting
52 silly rollbackFailedOptional Finishing
53 silly install runPostinstallTopLevelLifecycles
54 silly build arabtravel@0.0.5
55 info linkStuff arabtravel@0.0.5
56 silly linkStuff arabtravel@0.0.5 has /Users/wisdman/Google Drive/sources as its parent node_modules
57 verbose linkBins arabtravel@0.0.5
58 verbose linkMans arabtravel@0.0.5
59 silly install arabtravel@0.0.5 /Users/wisdman/Google Drive/sources/arabtravel/arabtravel-234c2a7d
60 info lifecycle arabtravel@0.0.5~install: arabtravel@0.0.5
61 silly lifecycle arabtravel@0.0.5~install: no script for install, continuing
62 silly postinstall arabtravel@0.0.5 /Users/wisdman/Google Drive/sources/arabtravel/arabtravel-234c2a7d
63 info lifecycle arabtravel@0.0.5~postinstall: arabtravel@0.0.5
64 verbose lifecycle arabtravel@0.0.5~postinstall: unsafe-perm in lifecycle true
65 verbose lifecycle arabtravel@0.0.5~postinstall: PATH: /usr/local/lib/node_modules/npm/bin/node-gyp-bin:/Users/wisdman/Google Drive/sources/arabtravel/node_modules/.bin:/usr/local/sbin:/usr/local/bin:/usr/bin:/bin:/usr/sbin:/sbin:/opt/X11/bin
66 verbose lifecycle arabtravel@0.0.5~postinstall: CWD: /Users/wisdman/Google Drive/sources/arabtravel
67 silly lifecycle arabtravel@0.0.5~postinstall: Args: [ '-c', 'typings install' ]
68 silly lifecycle arabtravel@0.0.5~postinstall: Returned: code: 1  signal: null
69 info lifecycle arabtravel@0.0.5~postinstall: Failed to exec postinstall script
70 verbose stack Error: arabtravel@0.0.5 postinstall: `typings install`
70 verbose stack Exit status 1
70 verbose stack     at EventEmitter.<anonymous> (/usr/local/lib/node_modules/npm/lib/utils/lifecycle.js:279:16)
70 verbose stack     at emitTwo (events.js:106:13)
70 verbose stack     at EventEmitter.emit (events.js:191:7)
70 verbose stack     at ChildProcess.<anonymous> (/usr/local/lib/node_modules/npm/lib/utils/spawn.js:40:14)
70 verbose stack     at emitTwo (events.js:106:13)
70 verbose stack     at ChildProcess.emit (events.js:191:7)
70 verbose stack     at maybeClose (internal/child_process.js:885:16)
70 verbose stack     at Process.ChildProcess._handle.onexit (internal/child_process.js:226:5)
71 verbose pkgid arabtravel@0.0.5
72 verbose cwd /Users/wisdman/Google Drive/sources/arabtravel
73 error Darwin 16.1.0
74 error argv "/usr/local/Cellar/node/7.1.0/bin/node" "/usr/local/bin/npm" "install"
75 error node v7.1.0
76 error npm  v4.0.2
77 error code ELIFECYCLE
78 error arabtravel@0.0.5 postinstall: `typings install`
78 error Exit status 1
79 error Failed at the arabtravel@0.0.5 postinstall script 'typings install'.
79 error Make sure you have the latest version of node.js and npm installed.
79 error If you do, this is most likely a problem with the arabtravel package,
79 error not with npm itself.
79 error Tell the author that this fails on your system:
79 error     typings install
79 error You can get information on how to open an issue for this project with:
79 error     npm bugs arabtravel
79 error Or if that isn't available, you can get their info via:
79 error     npm owner ls arabtravel
79 error There is likely additional logging output above.
80 verbose exit [ 1, true ]
